<?xml version="1.0" encoding="UTF-8"?>
<!-- Generated by org.testng.reporters.JUnitXMLReporter -->
<testsuite ignored="2" hostname="new-PC" failures="0" tests="1" name="Default test" time="22.571" errors="0" timestamp="2023-01-15T18:20:25 IST">
  <testcase classname="com.scm.qa.testcases.HomePageTest" name="userVerification" time="0.145"/>
  <testcase classname="com.scm.qa.testcases.HomePageTest" name="verityContactPage" time="0.0">
    <ignored/>
  </testcase> <!-- verityContactPage -->
  <testcase classname="com.scm.qa.testcases.HomePageTest" name="verifyPageTitle" time="0.0">
    <ignored/>
  </testcase> <!-- verifyPageTitle -->
</testsuite> <!-- Default test -->
