<?xml version="1.0" encoding="UTF-8"?>
<!-- Generated by org.testng.reporters.JUnitXMLReporter -->
<testsuite ignored="0" hostname="new-PC" failures="0" tests="3" name="Test" time="77.895" errors="0" timestamp="2023-01-15T17:41:46 IST">
  <testcase classname="com.scm.qa.testcases.LoginTest" name="loginPageTitleTest" time="0.033"/>
  <testcase classname="com.scm.qa.testcases.LoginTest" name="crmLogTest" time="0.113"/>
  <testcase classname="com.scm.qa.testcases.LoginTest" name="loginTest" time="18.926"/>
</testsuite> <!-- Test -->
