<?xml version="1.0" encoding="UTF-8"?>
<testng-results ignored="2" total="3" passed="1" failed="0" skipped="0">
  <reporter-output>
  </reporter-output>
  <suite started-at="2023-01-15T18:20:02 IST" name="Default suite" finished-at="2023-01-15T18:20:25 IST" duration-ms="22571">
    <groups>
    </groups>
    <test started-at="2023-01-15T18:20:02 IST" name="Default test" finished-at="2023-01-15T18:20:25 IST" duration-ms="22571">
      <class name="com.scm.qa.testcases.HomePageTest">
        <test-method is-config="true" signature="setup()[pri:0, instance:com.scm.qa.testcases.HomePageTest@451001e5]" started-at="2023-01-15T18:20:02 IST" name="setup" finished-at="2023-01-15T18:20:24 IST" duration-ms="21737" status="PASS">
          <reporter-output>
          </reporter-output>
        </test-method> <!-- setup -->
        <test-method signature="userVerification()[pri:2, instance:com.scm.qa.testcases.HomePageTest@451001e5]" started-at="2023-01-15T18:20:24 IST" name="userVerification" finished-at="2023-01-15T18:20:24 IST" duration-ms="145" status="PASS">
          <reporter-output>
          </reporter-output>
        </test-method> <!-- userVerification -->
        <test-method is-config="true" signature="tearDown()[pri:0, instance:com.scm.qa.testcases.HomePageTest@451001e5]" started-at="2023-01-15T18:20:24 IST" name="tearDown" finished-at="2023-01-15T18:20:25 IST" duration-ms="629" status="PASS">
          <reporter-output>
          </reporter-output>
        </test-method> <!-- tearDown -->
      </class> <!-- com.scm.qa.testcases.HomePageTest -->
    </test> <!-- Default test -->
  </suite> <!-- Default suite -->
</testng-results>
